# JRE version: Java(TM) SE Runtime Environment (17.0.1+12) (build 17.0.1+12-LTS-39)
# Java VM: Java HotSpot(TM) 64-Bit Server VM (17.0.1+12-LTS-39, mixed mode, sharing, tiered, compressed oops, compressed class ptrs, g1 gc, windows-amd64)
GC Precious Log:
 CPUs: 4 total, 4 available
 Memory: 7888M
 Large Page Support: Disabled
 NUMA Support: Disabled
 Compressed Oops: Enabled (32-bit)
 Heap Region Size: 1M
 Heap Min Capacity: 8M
 Heap Initial Capacity: 124M
 Heap Max Capacity: 1974M
 Pre-touch: Disabled
 Parallel Workers: 4
 Concurrent Workers: 1
 Concurrent Refinement Workers: 4
 Periodic GC: Disabled
Heap:
 garbage-first heap   total 126976K, used 66057K [0x0000000084a00000, 0x0000000100000000)
  region size 1024K, 5 young (5120K), 3 survivors (3072K)
 Metaspace       used 17982K, committed 18304K, reserved 1064960K
  class space    used 2027K, committed 2176K, reserved 1048576K
GC Heap History (6 events):
Event: 2.127 GC heap before
{Heap before GC invocations=0 (full 0):
 garbage-first heap   total 126976K, used 46080K [0x0000000084a00000, 0x0000000100000000)
  region size 1024K, 13 young (13312K), 0 survivors (0K)
 Metaspace       used 5190K, committed 5376K, reserved 1056768K
  class space    used 538K, committed 640K, reserved 1048576K
}
Event: 2.140 GC heap after
{Heap after GC invocations=1 (full 0):
 garbage-first heap   total 126976K, used 35488K [0x0000000084a00000, 0x0000000100000000)
  region size 1024K, 2 young (2048K), 2 survivors (2048K)
 Metaspace       used 5190K, committed 5376K, reserved 1056768K
  class space    used 538K, committed 640K, reserved 1048576K
}
Event: 2.369 GC heap before
{Heap before GC invocations=1 (full 0):
 garbage-first heap   total 126976K, used 49824K [0x0000000084a00000, 0x0000000100000000)
  region size 1024K, 17 young (17408K), 2 survivors (2048K)
 Metaspace       used 5194K, committed 5376K, reserved 1056768K
  class space    used 538K, committed 640K, reserved 1048576K
}
Event: 2.373 GC heap after
{Heap after GC invocations=2 (full 0):
 garbage-first heap   total 126976K, used 35780K [0x0000000084a00000, 0x0000000100000000)
  region size 1024K, 1 young (1024K), 1 survivors (1024K)
 Metaspace       used 5194K, committed 5376K, reserved 1056768K
  class space    used 538K, committed 640K, reserved 1048576K
}
Event: 14.155 GC heap before
{Heap before GC invocations=2 (full 0):
 garbage-first heap   total 126976K, used 106436K [0x0000000084a00000, 0x0000000100000000)
  region size 1024K, 51 young (52224K), 1 survivors (1024K)
 Metaspace       used 17870K, committed 18176K, reserved 1064960K
  class space    used 2016K, committed 2176K, reserved 1048576K
}
Event: 14.161 GC heap after
{Heap after GC invocations=3 (full 0):
 garbage-first heap   total 126976K, used 59913K [0x0000000084a00000, 0x0000000100000000)
  region size 1024K, 3 young (3072K), 3 survivors (3072K)
 Metaspace       used 17870K, committed 18176K, reserved 1064960K
  class space    used 2016K, committed 2176K, reserved 1048576K
}

